{
  "stats": {
    "suites": 1,
    "tests": 1,
    "passes": 1,
    "pending": 0,
    "failures": 0,
    "testsRegistered": 1,
    "passPercent": 100,
    "pendingPercent": 0,
    "other": 0,
    "hasOther": false,
    "skipped": 0,
    "hasSkipped": false,
    "start": "2023-05-19T13:34:20.674Z",
    "end": "2023-05-19T13:34:24.393Z",
    "duration": 3719
  },
  "results": [
    {
      "uuid": "aec55e1c-4c36-47e1-84aa-30df15a29e60",
      "title": "",
      "fullFile": "cypress\\e2e\\klikniecie.cy.js",
      "file": "cypress\\e2e\\klikniecie.cy.js",
      "beforeHooks": [],
      "afterHooks": [],
      "tests": [],
      "suites": [
        {
          "uuid": "69277c5e-ade8-42c5-88b0-400d696e0a32",
          "title": "akcje kliniecia",
          "fullFile": "",
          "file": "",
          "beforeHooks": [],
          "afterHooks": [],
          "tests": [
            {
              "title": "klik",
              "fullTitle": "akcje kliniecia klik",
              "timedOut": null,
              "duration": 3674,
              "state": "passed",
              "speed": "fast",
              "pass": true,
              "fail": false,
              "pending": false,
              "context": null,
              "code": "cy.visit('/');\ncy.contains('[title=\"Contact us\"]', 'Contact us').click();\ncy.get('[title=\"Return to Home\"]').click();",
              "err": {},
              "uuid": "24bcb25f-4983-4545-966e-488d4be4ddea",
              "parentUUID": "69277c5e-ade8-42c5-88b0-400d696e0a32",
              "isHook": false,
              "skipped": false
            }
          ],
          "suites": [],
          "passes": [
            "24bcb25f-4983-4545-966e-488d4be4ddea"
          ],
          "failures": [],
          "pending": [],
          "skipped": [],
          "duration": 3674,
          "root": false,
          "rootEmpty": false,
          "_timeout": 2000
        }
      ],
      "passes": [],
      "failures": [],
      "pending": [],
      "skipped": [],
      "duration": 0,
      "root": true,
      "rootEmpty": true,
      "_timeout": 2000
    }
  ],
  "meta": {
    "mocha": {
      "version": "7.0.1"
    },
    "mochawesome": {
      "options": {
        "quiet": false,
        "reportFilename": "mochawesome",
        "saveHtml": false,
        "saveJson": true,
        "consoleReporter": "spec",
        "useInlineDiffs": false,
        "code": true
      },
      "version": "7.1.3"
    },
    "marge": {
      "options": {
        "id": "default",
        "reportDir": "cypress/results/mochawesome",
        "overwrite": false,
        "html": false,
        "json": true
      },
      "version": "6.2.0"
    }
  }
}