{
  "stats": {
    "suites": 1,
    "tests": 1,
    "passes": 1,
    "pending": 0,
    "failures": 0,
    "start": "2023-05-20T16:06:41.366Z",
    "end": "2023-05-20T16:06:42.410Z",
    "duration": 1044,
    "testsRegistered": 1,
    "passPercent": 100,
    "pendingPercent": 0,
    "other": 0,
    "hasOther": false,
    "skipped": 0,
    "hasSkipped": false
  },
  "results": [
    {
      "uuid": "5f95b3bc-da8c-4016-aea6-4bc868215a8f",
      "title": "",
      "fullFile": "cypress\\e2e\\wgrywaniePliku.cy.js",
      "file": "cypress\\e2e\\wgrywaniePliku.cy.js",
      "beforeHooks": [],
      "afterHooks": [],
      "tests": [],
      "suites": [
        {
          "uuid": "f46be632-9e92-4220-b1c9-68e694ec69a9",
          "title": "Wgrywanie plikow",
          "fullFile": "",
          "file": "",
          "beforeHooks": [],
          "afterHooks": [],
          "tests": [
            {
              "title": "wgrywa plik do inputa w Contact us",
              "fullTitle": "Wgrywanie plikow wgrywa plik do inputa w Contact us",
              "timedOut": null,
              "duration": 1011,
              "state": "passed",
              "speed": "fast",
              "pass": true,
              "fail": false,
              "pending": false,
              "context": null,
              "code": "cy.visit('/index.php?controller=contact');\ncy.get('#fileUpload').attachFile('../fixtures/Car.jpg');\ncy.get('span.filename').should('contain', 'Car.jpg');",
              "err": {},
              "uuid": "7f4c66fa-683a-4779-8fa5-44af8290af1a",
              "parentUUID": "f46be632-9e92-4220-b1c9-68e694ec69a9",
              "isHook": false,
              "skipped": false
            }
          ],
          "suites": [],
          "passes": [
            "7f4c66fa-683a-4779-8fa5-44af8290af1a"
          ],
          "failures": [],
          "pending": [],
          "skipped": [],
          "duration": 1011,
          "root": false,
          "rootEmpty": false,
          "_timeout": 2000
        }
      ],
      "passes": [],
      "failures": [],
      "pending": [],
      "skipped": [],
      "duration": 0,
      "root": true,
      "rootEmpty": true,
      "_timeout": 2000
    }
  ],
  "meta": {
    "mocha": {
      "version": "7.0.1"
    },
    "mochawesome": {
      "options": {
        "quiet": false,
        "reportFilename": "mochawesome",
        "saveHtml": false,
        "saveJson": true,
        "consoleReporter": "spec",
        "useInlineDiffs": false,
        "code": true
      },
      "version": "7.1.3"
    },
    "marge": {
      "options": {
        "id": "default",
        "reportDir": "cypress/results/mochawesome",
        "overwrite": false,
        "html": false,
        "json": true
      },
      "version": "6.2.0"
    }
  }
}