{
  "stats": {
    "suites": 1,
    "tests": 1,
    "passes": 1,
    "pending": 0,
    "failures": 0,
    "start": "2023-05-20T16:07:00.915Z",
    "end": "2023-05-20T16:07:10.134Z",
    "duration": 9219,
    "testsRegistered": 1,
    "passPercent": 100,
    "pendingPercent": 0,
    "other": 0,
    "hasOther": false,
    "skipped": 0,
    "hasSkipped": false
  },
  "results": [
    {
      "uuid": "b01b6ce0-7654-4149-836c-ff7e540cb3ef",
      "title": "",
      "fullFile": "cypress\\e2e\\zmienne.cy.js",
      "file": "cypress\\e2e\\zmienne.cy.js",
      "beforeHooks": [],
      "afterHooks": [],
      "tests": [],
      "suites": [
        {
          "uuid": "45283ea4-31ad-4ef0-ad33-e116ae18003a",
          "title": "E2E - zmienne",
          "fullFile": "",
          "file": "",
          "beforeHooks": [],
          "afterHooks": [],
          "tests": [
            {
              "title": "zmienne srodowiskowe",
              "fullTitle": "E2E - zmienne zmienne srodowiskowe",
              "timedOut": null,
              "duration": 5587,
              "state": "passed",
              "speed": "medium",
              "pass": true,
              "fail": false,
              "pending": false,
              "context": null,
              "code": "//Sposob nr 1\n//odwołanie do konkretnego srodowiska - ustawienia w cypress.config.js\n/*\n\"env\": {\n    \"productionUrl\": \"https://google.com\",\n    \"devUrl\": \"https://testowanie-oprogramowania.pl\"\n}\n*/\n//cy.visit(Cypress.env(\"productionUrl\"))\n//cy.visit(Cypress.env(\"devUrl\"))\n//Sposob nr 2\n//tworzymy folder config w folderze Cypress i tam ustawienia w plikach\ncy.visit(Cypress.env(\"Url\"));",
              "err": {},
              "uuid": "c48fbbd8-ae23-4a14-9e9d-c36f55e7ef9c",
              "parentUUID": "45283ea4-31ad-4ef0-ad33-e116ae18003a",
              "isHook": false,
              "skipped": false
            }
          ],
          "suites": [],
          "passes": [
            "c48fbbd8-ae23-4a14-9e9d-c36f55e7ef9c"
          ],
          "failures": [],
          "pending": [],
          "skipped": [],
          "duration": 5587,
          "root": false,
          "rootEmpty": false,
          "_timeout": 2000
        }
      ],
      "passes": [],
      "failures": [],
      "pending": [],
      "skipped": [],
      "duration": 0,
      "root": true,
      "rootEmpty": true,
      "_timeout": 2000
    }
  ],
  "meta": {
    "mocha": {
      "version": "7.0.1"
    },
    "mochawesome": {
      "options": {
        "quiet": false,
        "reportFilename": "mochawesome",
        "saveHtml": false,
        "saveJson": true,
        "consoleReporter": "spec",
        "useInlineDiffs": false,
        "code": true
      },
      "version": "7.1.3"
    },
    "marge": {
      "options": {
        "id": "default",
        "reportDir": "cypress/results/mochawesome",
        "overwrite": false,
        "html": false,
        "json": true
      },
      "version": "6.2.0"
    }
  }
}