{
  "stats": {
    "suites": 1,
    "tests": 1,
    "passes": 1,
    "pending": 0,
    "failures": 0,
    "start": "2023-05-20T16:05:17.018Z",
    "end": "2023-05-20T16:05:21.269Z",
    "duration": 4251,
    "testsRegistered": 1,
    "passPercent": 100,
    "pendingPercent": 0,
    "other": 0,
    "hasOther": false,
    "skipped": 0,
    "hasSkipped": false
  },
  "results": [
    {
      "uuid": "25fd99e9-bab6-4f02-9dbe-219b30bac3f3",
      "title": "",
      "fullFile": "cypress\\e2e\\asercje.cy.js",
      "file": "cypress\\e2e\\asercje.cy.js",
      "beforeHooks": [],
      "afterHooks": [],
      "tests": [],
      "suites": [
        {
          "uuid": "a88f2c37-f132-468f-8094-5279cf93116e",
          "title": "Asercje",
          "fullFile": "",
          "file": "",
          "beforeHooks": [],
          "afterHooks": [],
          "tests": [
            {
              "title": "asercje expect oraz should",
              "fullTitle": "Asercje asercje expect oraz should",
              "timedOut": null,
              "duration": 4166,
              "state": "passed",
              "speed": "fast",
              "pass": true,
              "fail": false,
              "pending": false,
              "context": null,
              "code": "cy.visit('/');\n//weryfikacja tekstu\ncy.get('a[title=\"Contact us\"]').should('contain', 'Contact us'); // should - krotka asercja\ncy.get('a[title=\"Contact us\"]').then(zakladka => {\n  //expect - dluga asercja\n  expect(zakladka).to.contain('Contact us');\n});\n//weryfikacja czy nie zawiera tekstu\ncy.get('a[title=\"Contact us\"]').should('not.contain', 'abradabra');\ncy.get('a[title=\"Contact us\"]').then(zakladka => {\n  expect(zakladka).not.to.contain('abradabra');\n});\n//weryfikacja czy znacznik posiada klase\ncy.get('#search_query_top').should('have.class', 'form-control');\ncy.get('#search_query_top').then(wyszukiwarka => {\n  expect(wyszukiwarka).to.have.class('form-control');\n});\n//czy elemen jest widoczny\ncy.get('#search_query_top').should('be.visible');\n//cy.get('#search_query_top').should('not.be.visible')//czy nie jest widoczne\ncy.get('#search_query_top').then(wyszukiwarka => {\n  expect(wyszukiwarka).to.be.visible;\n});\n//weryfikacja ilosci pobranych elementow\ncy.get('ul.sf-menu').find('li'); //jest 16 elementow\ncy.get('ul.sf-menu').find('li').should('have.length', 16);\ncy.get('ul.sf-menu').find('li').then(zakladki => {\n  expect(zakladki).to.have.length(16);\n});\n//weryfikacja wartosci css danego elementu - zakladka Styles w Console\ncy.get('#search_query_top').should('have.css', 'margin-right', '1px');\ncy.get('#search_query_top').then(wyszukiwarka => {\n  expect(wyszukiwarka).to.have.css('margin-right', '1px');\n});",
              "err": {},
              "uuid": "57aecd54-a11b-41da-9d0d-4708957a255b",
              "parentUUID": "a88f2c37-f132-468f-8094-5279cf93116e",
              "isHook": false,
              "skipped": false
            }
          ],
          "suites": [],
          "passes": [
            "57aecd54-a11b-41da-9d0d-4708957a255b"
          ],
          "failures": [],
          "pending": [],
          "skipped": [],
          "duration": 4166,
          "root": false,
          "rootEmpty": false,
          "_timeout": 2000
        }
      ],
      "passes": [],
      "failures": [],
      "pending": [],
      "skipped": [],
      "duration": 0,
      "root": true,
      "rootEmpty": true,
      "_timeout": 2000
    }
  ],
  "meta": {
    "mocha": {
      "version": "7.0.1"
    },
    "mochawesome": {
      "options": {
        "quiet": false,
        "reportFilename": "mochawesome",
        "saveHtml": false,
        "saveJson": true,
        "consoleReporter": "spec",
        "useInlineDiffs": false,
        "code": true
      },
      "version": "7.1.3"
    },
    "marge": {
      "options": {
        "id": "default",
        "reportDir": "cypress/results/mochawesome",
        "overwrite": false,
        "html": false,
        "json": true
      },
      "version": "6.2.0"
    }
  }
}