{
  "stats": {
    "suites": 1,
    "tests": 2,
    "passes": 0,
    "pending": 0,
    "failures": 2,
    "start": "2023-05-20T16:04:22.283Z",
    "end": "2023-05-20T16:04:47.842Z",
    "duration": 25559,
    "testsRegistered": 2,
    "passPercent": 0,
    "pendingPercent": 0,
    "other": 0,
    "hasOther": false,
    "skipped": 0,
    "hasSkipped": false
  },
  "results": [
    {
      "uuid": "8493efe6-20de-4634-95c0-d6870066c7ca",
      "title": "",
      "fullFile": "cypress\\e2e\\alerty.cy.js",
      "file": "cypress\\e2e\\alerty.cy.js",
      "beforeHooks": [],
      "afterHooks": [],
      "tests": [],
      "suites": [
        {
          "uuid": "d91db4fc-19b7-40c8-83b5-e3cd7c129c5b",
          "title": "alerty",
          "fullFile": "",
          "file": "",
          "beforeHooks": [],
          "afterHooks": [],
          "tests": [
            {
              "title": "alert",
              "fullTitle": "alerty alert",
              "timedOut": null,
              "duration": 19104,
              "state": "failed",
              "speed": null,
              "pass": false,
              "fail": true,
              "pending": false,
              "context": null,
              "code": "cy.visit('https://testowanie-oprogramowania.pl/lekcje/alerty/');\ncy.get('#alert').click();\ncy.on('window:alert', tresc => {\n  expect(tresc).to.equal('Przykładowa treść alertu');\n});",
              "err": {
                "message": "CypressError: Timed out retrying after 4000ms: The command was expected to run against origin `https://testowanie-oprogramowania.pl` but the application is at origin `https://erli.pl`.\n\nThis commonly happens when you have either not navigated to the expected origin or have navigated away unexpectedly.\n\nUsing `cy.origin()` to wrap the commands run on `https://erli.pl` will likely fix this issue.\n\n`cy.origin('https://erli.pl', () => {`\n`  <commands targeting https://erli.pl go here>`\n`})`\n\nhttps://on.cypress.io/cy-visit-succeeded-but-commands-fail",
                "estack": "CypressError: Timed out retrying after 4000ms: The command was expected to run against origin `https://testowanie-oprogramowania.pl` but the application is at origin `https://erli.pl`.\n\nThis commonly happens when you have either not navigated to the expected origin or have navigated away unexpectedly.\n\nUsing `cy.origin()` to wrap the commands run on `https://erli.pl` will likely fix this issue.\n\n`cy.origin('https://erli.pl', () => {`\n`  <commands targeting https://erli.pl go here>`\n`})`\n\nhttps://on.cypress.io/cy-visit-succeeded-but-commands-fail\n    at cypressErr (https://testowanie-oprogramowania.pl/__cypress/runner/cypress_runner.js:164660:18)\n    at Object.errByPath (https://testowanie-oprogramowania.pl/__cypress/runner/cypress_runner.js:164715:10)\n    at Object.commandCanCommunicateWithAUT (https://testowanie-oprogramowania.pl/__cypress/runner/cypress_runner.js:161902:98)\n    at <unknown> (https://testowanie-oprogramowania.pl/__cypress/runner/cypress_runner.js:148843:22)\n    at Object.subjectFn (https://testowanie-oprogramowania.pl/__cypress/runner/cypress_runner.js:159697:16)\n    at $Cy.verifyUpcomingAssertions (https://testowanie-oprogramowania.pl/__cypress/runner/cypress_runner.js:140921:31)\n    at onRetry (https://testowanie-oprogramowania.pl/__cypress/runner/cypress_runner.js:159688:15)\n    at tryCatcher (https://testowanie-oprogramowania.pl/__cypress/runner/cypress_runner.js:18744:23)\n    at Promise.attempt.Promise.try (https://testowanie-oprogramowania.pl/__cypress/runner/cypress_runner.js:16018:29)\n    at whenStable (https://testowanie-oprogramowania.pl/__cypress/runner/cypress_runner.js:156574:65)\n    at <unknown> (https://testowanie-oprogramowania.pl/__cypress/runner/cypress_runner.js:156015:14)\n    at tryCatcher (https://testowanie-oprogramowania.pl/__cypress/runner/cypress_runner.js:18744:23)\n    at Promise._settlePromiseFromHandler (https://testowanie-oprogramowania.pl/__cypress/runner/cypress_runner.js:16679:31)\n    at Promise._settlePromise (https://testowanie-oprogramowania.pl/__cypress/runner/cypress_runner.js:16736:18)\n    at Promise._settlePromise0 (https://testowanie-oprogramowania.pl/__cypress/runner/cypress_runner.js:16781:10)\n    at Promise._settlePromises (https://testowanie-oprogramowania.pl/__cypress/runner/cypress_runner.js:16861:18)\n    at Promise._fulfill (https://testowanie-oprogramowania.pl/__cypress/runner/cypress_runner.js:16805:18)\n    at <unknown> (https://testowanie-oprogramowania.pl/__cypress/runner/cypress_runner.js:18419:46)\nFrom Your Spec Code:\n    at Context.eval (webpack:///./cypress/e2e/alerty.cy.js:6:11)",
                "diff": null
              },
              "uuid": "9e5fc18b-ab06-47a8-8f16-a1968895b538",
              "parentUUID": "d91db4fc-19b7-40c8-83b5-e3cd7c129c5b",
              "isHook": false,
              "skipped": false
            },
            {
              "title": "alert config",
              "fullTitle": "alerty alert config",
              "timedOut": null,
              "duration": 4185,
              "state": "failed",
              "speed": null,
              "pass": false,
              "fail": true,
              "pending": false,
              "context": null,
              "code": "cy.get('#alert-confirm').click();\ncy.on('window:confirm', tresc => {\n  expect(tresc).to.equal('Zaakceptuj aby kontynuować!');\n});\ncy.on('window:confirm', () => false);",
              "err": {
                "message": "TypeError: Timed out retrying after 4000ms: Cannot read properties of undefined (reading 'origin')",
                "estack": "TypeError: Timed out retrying after 4000ms: Cannot read properties of undefined (reading 'origin')\n    at Object.commandCanCommunicateWithAUT (https://testowanie-oprogramowania.pl/__cypress/runner/cypress_runner.js:161904:41)\n    at <unknown> (https://testowanie-oprogramowania.pl/__cypress/runner/cypress_runner.js:148843:22)\n    at Object.subjectFn (https://testowanie-oprogramowania.pl/__cypress/runner/cypress_runner.js:159697:16)\n    at $Cy.verifyUpcomingAssertions (https://testowanie-oprogramowania.pl/__cypress/runner/cypress_runner.js:140921:31)\n    at onRetry (https://testowanie-oprogramowania.pl/__cypress/runner/cypress_runner.js:159688:15)\n    at tryCatcher (https://testowanie-oprogramowania.pl/__cypress/runner/cypress_runner.js:18744:23)\n    at Promise.attempt.Promise.try (https://testowanie-oprogramowania.pl/__cypress/runner/cypress_runner.js:16018:29)\n    at whenStable (https://testowanie-oprogramowania.pl/__cypress/runner/cypress_runner.js:156574:65)\n    at <unknown> (https://testowanie-oprogramowania.pl/__cypress/runner/cypress_runner.js:156015:14)\n    at tryCatcher (https://testowanie-oprogramowania.pl/__cypress/runner/cypress_runner.js:18744:23)\n    at Promise._settlePromiseFromHandler (https://testowanie-oprogramowania.pl/__cypress/runner/cypress_runner.js:16679:31)\n    at Promise._settlePromise (https://testowanie-oprogramowania.pl/__cypress/runner/cypress_runner.js:16736:18)\n    at Promise._settlePromise0 (https://testowanie-oprogramowania.pl/__cypress/runner/cypress_runner.js:16781:10)\n    at Promise._settlePromises (https://testowanie-oprogramowania.pl/__cypress/runner/cypress_runner.js:16861:18)\n    at Promise._fulfill (https://testowanie-oprogramowania.pl/__cypress/runner/cypress_runner.js:16805:18)\n    at <unknown> (https://testowanie-oprogramowania.pl/__cypress/runner/cypress_runner.js:18419:46)",
                "diff": null
              },
              "uuid": "77754af3-dc26-45b0-9666-14c030f66ada",
              "parentUUID": "d91db4fc-19b7-40c8-83b5-e3cd7c129c5b",
              "isHook": false,
              "skipped": false
            }
          ],
          "suites": [],
          "passes": [],
          "failures": [
            "9e5fc18b-ab06-47a8-8f16-a1968895b538",
            "77754af3-dc26-45b0-9666-14c030f66ada"
          ],
          "pending": [],
          "skipped": [],
          "duration": 23289,
          "root": false,
          "rootEmpty": false,
          "_timeout": 2000
        }
      ],
      "passes": [],
      "failures": [],
      "pending": [],
      "skipped": [],
      "duration": 0,
      "root": true,
      "rootEmpty": true,
      "_timeout": 2000
    }
  ],
  "meta": {
    "mocha": {
      "version": "7.0.1"
    },
    "mochawesome": {
      "options": {
        "quiet": false,
        "reportFilename": "mochawesome",
        "saveHtml": false,
        "saveJson": true,
        "consoleReporter": "spec",
        "useInlineDiffs": false,
        "code": true
      },
      "version": "7.1.3"
    },
    "marge": {
      "options": {
        "id": "default",
        "reportDir": "cypress/results/mochawesome",
        "overwrite": false,
        "html": false,
        "json": true
      },
      "version": "6.2.0"
    }
  }
}