{
  "stats": {
    "suites": 1,
    "tests": 1,
    "passes": 1,
    "pending": 0,
    "failures": 0,
    "start": "2023-05-21T09:01:08.253Z",
    "end": "2023-05-21T09:01:13.949Z",
    "duration": 5696,
    "testsRegistered": 1,
    "passPercent": 100,
    "pendingPercent": 0,
    "other": 0,
    "hasOther": false,
    "skipped": 0,
    "hasSkipped": false
  },
  "results": [
    {
      "uuid": "789e6eff-4d00-4bb4-843b-afaa510bda4d",
      "title": "",
      "fullFile": "cypress\\e2e\\visualTestingAndProxy.cy.js",
      "file": "cypress\\e2e\\visualTestingAndProxy.cy.js",
      "beforeHooks": [],
      "afterHooks": [],
      "tests": [],
      "suites": [
        {
          "uuid": "c35e8fff-0df6-42d8-bc6f-d6a8e12b0040",
          "title": "Visual regression",
          "fullFile": "",
          "file": "",
          "beforeHooks": [],
          "afterHooks": [],
          "tests": [
            {
              "title": "wczytywanie sie elementu",
              "fullTitle": "Visual regression wczytywanie sie elementu",
              "timedOut": null,
              "duration": 2875,
              "state": "passed",
              "speed": "fast",
              "pass": true,
              "fail": false,
              "pending": false,
              "context": null,
              "code": "cy.visit('https://picsum.photos/');\n// cy.get('header.content-section-light').then(image => {\n//     //cy.wrap - zlap element\n//     cy.wrap(image).toMatchImageSnapshot()\n//     //po kazdym run zmienia sie obrazek stad blad\n//     //odwolanie i sprawdzenie calego dokumentu (strony)\n//     //cy.document().toMatchImageSnapshot()\n// })\n//zalogowany na percy.io przez konto Google michaelvinstest@gmail.com\ncy.percySnapshot();\n//polecenie do uruchomienia testow w Percy - 'percy exec -- cypress run'\n//trzeba okreslic jakie testy uruchomic - '--spec 'sciezka_do_testu''\n//command: npx percy exec -- cypress run --spec 'cypress/e2e/visualTestingAndProxy.cy.js'\n//env:PERCY_TOKEN=\"web_d0bd541414c1fa8231e459e0efe0e9767e71a1e23aecb54cd1cdc13ca51515cd\"",
              "err": {},
              "uuid": "feed9e9b-2386-4a3f-aa5d-9285912ce171",
              "parentUUID": "c35e8fff-0df6-42d8-bc6f-d6a8e12b0040",
              "isHook": false,
              "skipped": false
            }
          ],
          "suites": [],
          "passes": [
            "feed9e9b-2386-4a3f-aa5d-9285912ce171"
          ],
          "failures": [],
          "pending": [],
          "skipped": [],
          "duration": 2875,
          "root": false,
          "rootEmpty": false,
          "_timeout": 2000
        }
      ],
      "passes": [],
      "failures": [],
      "pending": [],
      "skipped": [],
      "duration": 0,
      "root": true,
      "rootEmpty": true,
      "_timeout": 2000
    }
  ],
  "meta": {
    "mocha": {
      "version": "7.0.1"
    },
    "mochawesome": {
      "options": {
        "quiet": false,
        "reportFilename": "mochawesome",
        "saveHtml": false,
        "saveJson": true,
        "consoleReporter": "spec",
        "useInlineDiffs": false,
        "code": true
      },
      "version": "7.1.3"
    },
    "marge": {
      "options": {
        "id": "default",
        "reportDir": "cypress/results/mochawesome",
        "overwrite": false,
        "html": false,
        "json": true
      },
      "version": "6.2.0"
    }
  }
}