{
  "stats": {
    "suites": 1,
    "tests": 1,
    "passes": 1,
    "pending": 0,
    "failures": 0,
    "start": "2023-05-20T16:05:23.761Z",
    "end": "2023-05-20T16:05:26.104Z",
    "duration": 2343,
    "testsRegistered": 1,
    "passPercent": 100,
    "pendingPercent": 0,
    "other": 0,
    "hasOther": false,
    "skipped": 0,
    "hasSkipped": false
  },
  "results": [
    {
      "uuid": "a9479d6b-edb7-45a2-9d79-068753a8179f",
      "title": "",
      "fullFile": "cypress\\e2e\\checkbox.cy.js",
      "file": "cypress\\e2e\\checkbox.cy.js",
      "beforeHooks": [],
      "afterHooks": [],
      "tests": [],
      "suites": [
        {
          "uuid": "2c17fb2c-2c55-4929-afbc-f9718f45b2a7",
          "title": "akcje klikniecia checkbox",
          "fullFile": "",
          "file": "",
          "beforeHooks": [],
          "afterHooks": [],
          "tests": [
            {
              "title": "checkbox",
              "fullTitle": "akcje klikniecia checkbox checkbox",
              "timedOut": null,
              "duration": 2321,
              "state": "passed",
              "speed": "fast",
              "pass": true,
              "fail": false,
              "pending": false,
              "context": null,
              "code": "cy.visit('/index.php?id_category=3&controller=category');\n//pobranie dwoch inputow dla checkboxow i rozbicie na dwa osobne\ncy.get('#ul_layered_category_0').find('input').then(checkbox => {\n  cy.get(checkbox).eq(0).check();\n  //{force: true} jesli cos bedzie element przeslanialo to i tak sie zaznaczy\n  cy.get(checkbox).eq(1).check({\n    force: true\n  });\n  //sprawdzenie w Properties czy checkbox jest zaznaczony (nie jest to asercja)\n  cy.get(checkbox).eq(0).check().invoke('prop', 'checked').then(zaznaczony => {\n    cy.log(zaznaczony);\n  });\n});\n//zaznaczanie wielu checkboxow na raz\ncy.get('#ul_layered_id_attribute_group_1').find('input').check();",
              "err": {},
              "uuid": "71d3f0ac-a639-4f66-8394-82d0a0062969",
              "parentUUID": "2c17fb2c-2c55-4929-afbc-f9718f45b2a7",
              "isHook": false,
              "skipped": false
            }
          ],
          "suites": [],
          "passes": [
            "71d3f0ac-a639-4f66-8394-82d0a0062969"
          ],
          "failures": [],
          "pending": [],
          "skipped": [],
          "duration": 2321,
          "root": false,
          "rootEmpty": false,
          "_timeout": 2000
        }
      ],
      "passes": [],
      "failures": [],
      "pending": [],
      "skipped": [],
      "duration": 0,
      "root": true,
      "rootEmpty": true,
      "_timeout": 2000
    }
  ],
  "meta": {
    "mocha": {
      "version": "7.0.1"
    },
    "mochawesome": {
      "options": {
        "quiet": false,
        "reportFilename": "mochawesome",
        "saveHtml": false,
        "saveJson": true,
        "consoleReporter": "spec",
        "useInlineDiffs": false,
        "code": true
      },
      "version": "7.1.3"
    },
    "marge": {
      "options": {
        "id": "default",
        "reportDir": "cypress/results/mochawesome",
        "overwrite": false,
        "html": false,
        "json": true
      },
      "version": "6.2.0"
    }
  }
}