{
  "stats": {
    "suites": 1,
    "tests": 1,
    "passes": 0,
    "pending": 0,
    "failures": 1,
    "start": "2023-05-20T16:05:12.440Z",
    "end": "2023-05-20T16:05:13.382Z",
    "duration": 942,
    "testsRegistered": 1,
    "passPercent": 0,
    "pendingPercent": 0,
    "other": 0,
    "hasOther": false,
    "skipped": 0,
    "hasSkipped": false
  },
  "results": [
    {
      "uuid": "369a331d-35ef-4a88-be5f-8893667d756e",
      "title": "",
      "fullFile": "cypress\\e2e\\api\\secondTestAPI.cy.js",
      "file": "cypress\\e2e\\api\\secondTestAPI.cy.js",
      "beforeHooks": [],
      "afterHooks": [],
      "tests": [],
      "suites": [
        {
          "uuid": "e2132a36-38c0-4ca9-a63a-d4005e5dba51",
          "title": "test API od strony backendu",
          "fullFile": "",
          "file": "",
          "beforeHooks": [],
          "afterHooks": [],
          "tests": [
            {
              "title": "autoryzacja + dodanie nowego artykulu",
              "fullTitle": "test API od strony backendu autoryzacja + dodanie nowego artykulu",
              "timedOut": null,
              "duration": 854,
              "state": "failed",
              "speed": null,
              "pass": false,
              "fail": true,
              "pending": false,
              "context": null,
              "code": "const daneAutoryzacja = {\n  \"user\": {\n    \"email\": \"dario-vogel@com.pl\",\n    \"password\": \"dariovogel@\"\n  }\n};\nconst daneArtykul = {\n  \"article\": {\n    \"tagList\": [],\n    //trzeba zmieniac tytul bo test inaczej nie przechodzi\n    \"title\": \"test tytuł bezposrednio z API-2\",\n    \"description\": \"test \",\n    \"body\": \"test \"\n  }\n};\ncy.request('POST', 'https://api.realworld.io/api/users/login', daneAutoryzacja).its('body').then(res => {\n  //pobranie tokena\n  const authToken = res.user.token;\n  console.log(authToken);\n  //drugi request odnosnie artykulu\n  cy.request({\n    method: 'POST',\n    url: 'https://api.realworld.io/api/articles/',\n    body: daneArtykul,\n    headers: {\n      'Authorization': 'Token ' + authToken\n    }\n  }).then(res => {\n    expect(res.status).to.equal(200);\n  });\n});",
              "err": {
                "message": "CypressError: `cy.request()` failed on:\n\nhttps://api.realworld.io/api/articles/\n\nThe response we received from your web server was:\n\n  > 422: Unprocessable Entity\n\nThis was considered a failure because the status code was not `2xx` or `3xx`.\n\nIf you do not want status codes to cause failures pass the option: `failOnStatusCode: false`\n\n-----------------------------------------------------------\n\nThe request we sent was:\n\nMethod: POST\nURL: https://api.realworld.io/api/articles/\nHeaders: {\n  \"Connection\": \"keep-alive\",\n  \"Authorization\": \"Token eyJhbGciOiJIUzI1NiIsInR5cCI6IkpXVCJ9.eyJlbWFpbCI6ImRhcmlvLXZvZ2VsQGNvbS5wbCIsInVzZXJuYW1lIjoiZGFyaW8tdm9nZWwiLCJpYXQiOjE2ODQ1OTg3MTIsImV4cCI6MTY4OTc4MjcxMn0.SqKGh7Z1--6XuCwX6H2ZjXObWlAX9xumk1y3t73ASGo\",\n  \"user-agent\": \"Mozilla/5.0 (Windows NT 10.0; Win64; x64) AppleWebKit/537.36 (KHTML, like Gecko) Cypress/12.11.0 Chrome/106.0.5249.51 Electron/21.0.0 Safari/537.36\",\n  \"accept\": \"*/*\",\n  \"accept-encoding\": \"gzip, deflate\",\n  \"content-type\": \"application/json\",\n  \"content-length\": 106\n}\nBody: {\"article\":{\"tagList\":[],\"title\":\"test tytuł bezposrednio z API-2\",\"description\":\"test \",\"body\":\"test \"}}\n\n-----------------------------------------------------------\n\nThe response we got was:\n\nStatus: 422 - Unprocessable Entity\nHeaders: {\n  \"date\": \"Sat, 20 May 2023 16:05:12 GMT\",\n  \"content-type\": \"application/json; charset=utf-8\",\n  \"content-length\": \"39\",\n  \"connection\": \"keep-alive\",\n  \"x-powered-by\": \"Express\",\n  \"access-control-allow-origin\": \"*\",\n  \"etag\": \"W/\\\"27-BNeuaWQ7DHvW/r+pl+qdJiF06Is\\\"\",\n  \"via\": \"1.1 vegur\",\n  \"cf-cache-status\": \"DYNAMIC\",\n  \"report-to\": \"{\\\"endpoints\\\":[{\\\"url\\\":\\\"https:\\\\/\\\\/a.nel.cloudflare.com\\\\/report\\\\/v3?s=v7mLQZ1xNa2mNHqxCnt1ZEfibUaefWxIMfz5ADDB3wza0VmQTsfF8LtTSjPPlur88GhPvGuySikLwii7cKA67RM6%2B%2FDqkwiIfcAOXZsEvx3zjU5js6TAU%2Fz01yDt9a79jQ3h\\\"}],\\\"group\\\":\\\"cf-nel\\\",\\\"max_age\\\":604800}\",\n  \"nel\": \"{\\\"success_fraction\\\":0,\\\"report_to\\\":\\\"cf-nel\\\",\\\"max_age\\\":604800}\",\n  \"server\": \"cloudflare\",\n  \"cf-ray\": \"7ca5d1e06b57347f-WAW\",\n  \"alt-svc\": \"h3=\\\":443\\\"; ma=86400, h3-29=\\\":443\\\"; ma=86400\"\n}\nBody: {\n  \"errors\": {\n    \"title\": [\n      \"must be unique\"\n    ]\n  }\n}\n\n\nhttps://on.cypress.io/request",
                "estack": "CypressError: `cy.request()` failed on:\n\nhttps://api.realworld.io/api/articles/\n\nThe response we received from your web server was:\n\n  > 422: Unprocessable Entity\n\nThis was considered a failure because the status code was not `2xx` or `3xx`.\n\nIf you do not want status codes to cause failures pass the option: `failOnStatusCode: false`\n\n-----------------------------------------------------------\n\nThe request we sent was:\n\nMethod: POST\nURL: https://api.realworld.io/api/articles/\nHeaders: {\n  \"Connection\": \"keep-alive\",\n  \"Authorization\": \"Token eyJhbGciOiJIUzI1NiIsInR5cCI6IkpXVCJ9.eyJlbWFpbCI6ImRhcmlvLXZvZ2VsQGNvbS5wbCIsInVzZXJuYW1lIjoiZGFyaW8tdm9nZWwiLCJpYXQiOjE2ODQ1OTg3MTIsImV4cCI6MTY4OTc4MjcxMn0.SqKGh7Z1--6XuCwX6H2ZjXObWlAX9xumk1y3t73ASGo\",\n  \"user-agent\": \"Mozilla/5.0 (Windows NT 10.0; Win64; x64) AppleWebKit/537.36 (KHTML, like Gecko) Cypress/12.11.0 Chrome/106.0.5249.51 Electron/21.0.0 Safari/537.36\",\n  \"accept\": \"*/*\",\n  \"accept-encoding\": \"gzip, deflate\",\n  \"content-type\": \"application/json\",\n  \"content-length\": 106\n}\nBody: {\"article\":{\"tagList\":[],\"title\":\"test tytuł bezposrednio z API-2\",\"description\":\"test \",\"body\":\"test \"}}\n\n-----------------------------------------------------------\n\nThe response we got was:\n\nStatus: 422 - Unprocessable Entity\nHeaders: {\n  \"date\": \"Sat, 20 May 2023 16:05:12 GMT\",\n  \"content-type\": \"application/json; charset=utf-8\",\n  \"content-length\": \"39\",\n  \"connection\": \"keep-alive\",\n  \"x-powered-by\": \"Express\",\n  \"access-control-allow-origin\": \"*\",\n  \"etag\": \"W/\\\"27-BNeuaWQ7DHvW/r+pl+qdJiF06Is\\\"\",\n  \"via\": \"1.1 vegur\",\n  \"cf-cache-status\": \"DYNAMIC\",\n  \"report-to\": \"{\\\"endpoints\\\":[{\\\"url\\\":\\\"https:\\\\/\\\\/a.nel.cloudflare.com\\\\/report\\\\/v3?s=v7mLQZ1xNa2mNHqxCnt1ZEfibUaefWxIMfz5ADDB3wza0VmQTsfF8LtTSjPPlur88GhPvGuySikLwii7cKA67RM6%2B%2FDqkwiIfcAOXZsEvx3zjU5js6TAU%2Fz01yDt9a79jQ3h\\\"}],\\\"group\\\":\\\"cf-nel\\\",\\\"max_age\\\":604800}\",\n  \"nel\": \"{\\\"success_fraction\\\":0,\\\"report_to\\\":\\\"cf-nel\\\",\\\"max_age\\\":604800}\",\n  \"server\": \"cloudflare\",\n  \"cf-ray\": \"7ca5d1e06b57347f-WAW\",\n  \"alt-svc\": \"h3=\\\":443\\\"; ma=86400, h3-29=\\\":443\\\"; ma=86400\"\n}\nBody: {\n  \"errors\": {\n    \"title\": [\n      \"must be unique\"\n    ]\n  }\n}\n\n\nhttps://on.cypress.io/request\n    at <unknown> (http://automationpractice.pl/__cypress/runner/cypress_runner.js:149561:80)\n    at tryCatcher (http://automationpractice.pl/__cypress/runner/cypress_runner.js:18744:23)\n    at Promise._settlePromiseFromHandler (http://automationpractice.pl/__cypress/runner/cypress_runner.js:16679:31)\n    at Promise._settlePromise (http://automationpractice.pl/__cypress/runner/cypress_runner.js:16736:18)\n    at Promise._settlePromise0 (http://automationpractice.pl/__cypress/runner/cypress_runner.js:16781:10)\n    at Promise._settlePromises (http://automationpractice.pl/__cypress/runner/cypress_runner.js:16861:18)\n    at _drainQueueStep (http://automationpractice.pl/__cypress/runner/cypress_runner.js:13451:12)\n    at _drainQueue (http://automationpractice.pl/__cypress/runner/cypress_runner.js:13444:9)\n    at ../../node_modules/bluebird/js/release/async.js.Async._drainQueues (http://automationpractice.pl/__cypress/runner/cypress_runner.js:13460:5)\n    at Async.drainQueues (http://automationpractice.pl/__cypress/runner/cypress_runner.js:13330:14)\nFrom Your Spec Code:\n    at Context.eval (webpack:///./cypress/e2e/api/secondTestAPI.cy.js:31:15)",
                "diff": null
              },
              "uuid": "023c616c-efc7-4315-ac0f-8cab3c56c592",
              "parentUUID": "e2132a36-38c0-4ca9-a63a-d4005e5dba51",
              "isHook": false,
              "skipped": false
            }
          ],
          "suites": [],
          "passes": [],
          "failures": [
            "023c616c-efc7-4315-ac0f-8cab3c56c592"
          ],
          "pending": [],
          "skipped": [],
          "duration": 854,
          "root": false,
          "rootEmpty": false,
          "_timeout": 2000
        }
      ],
      "passes": [],
      "failures": [],
      "pending": [],
      "skipped": [],
      "duration": 0,
      "root": true,
      "rootEmpty": true,
      "_timeout": 2000
    }
  ],
  "meta": {
    "mocha": {
      "version": "7.0.1"
    },
    "mochawesome": {
      "options": {
        "quiet": false,
        "reportFilename": "mochawesome",
        "saveHtml": false,
        "saveJson": true,
        "consoleReporter": "spec",
        "useInlineDiffs": false,
        "code": true
      },
      "version": "7.1.3"
    },
    "marge": {
      "options": {
        "id": "default",
        "reportDir": "cypress/results/mochawesome",
        "overwrite": false,
        "html": false,
        "json": true
      },
      "version": "6.2.0"
    }
  }
}