{
  "stats": {
    "suites": 1,
    "tests": 2,
    "passes": 2,
    "pending": 0,
    "failures": 0,
    "start": "2023-05-20T16:06:44.955Z",
    "end": "2023-05-20T16:06:58.250Z",
    "duration": 13295,
    "testsRegistered": 2,
    "passPercent": 100,
    "pendingPercent": 0,
    "other": 0,
    "hasOther": false,
    "skipped": 0,
    "hasSkipped": false
  },
  "results": [
    {
      "uuid": "5c71cc48-24f6-46f2-bbe8-9fbc4f04f2d2",
      "title": "",
      "fullFile": "cypress\\e2e\\wpisywanie.cy.js",
      "file": "cypress\\e2e\\wpisywanie.cy.js",
      "beforeHooks": [],
      "afterHooks": [],
      "tests": [],
      "suites": [
        {
          "uuid": "295946a3-1f43-4775-b35c-2a8ba7f30818",
          "title": "akcja wpisywania",
          "fullFile": "",
          "file": "",
          "beforeHooks": [],
          "afterHooks": [],
          "tests": [
            {
              "title": "wpisywanie wartosci w pole",
              "fullTitle": "akcja wpisywania wpisywanie wartosci w pole",
              "timedOut": null,
              "duration": 12472,
              "state": "passed",
              "speed": "slow",
              "pass": true,
              "fail": false,
              "pending": false,
              "context": null,
              "code": "cy.visit('/');\n//cy.get('#search_query_top').type('Przykładowy produkt{enter}')\ncy.get('#search_query_top').type('Przykładowy produkt{backspace}', {\n  delay: 500\n}); //{backspace} kasowanie jednego znaku, delay - 500 ms",
              "err": {},
              "uuid": "a240d964-4d2a-41d8-85fb-a93951ff35e2",
              "parentUUID": "295946a3-1f43-4775-b35c-2a8ba7f30818",
              "isHook": false,
              "skipped": false
            },
            {
              "title": "czyszczenie wartosci z pola input",
              "fullTitle": "akcja wpisywania czyszczenie wartosci z pola input",
              "timedOut": null,
              "duration": 770,
              "state": "passed",
              "speed": "fast",
              "pass": true,
              "fail": false,
              "pending": false,
              "context": null,
              "code": "cy.visit('/');\ncy.get('#search_query_top').clear();",
              "err": {},
              "uuid": "8a44e478-83b1-4090-9b0a-d383eeda2d38",
              "parentUUID": "295946a3-1f43-4775-b35c-2a8ba7f30818",
              "isHook": false,
              "skipped": false
            }
          ],
          "suites": [],
          "passes": [
            "a240d964-4d2a-41d8-85fb-a93951ff35e2",
            "8a44e478-83b1-4090-9b0a-d383eeda2d38"
          ],
          "failures": [],
          "pending": [],
          "skipped": [],
          "duration": 13242,
          "root": false,
          "rootEmpty": false,
          "_timeout": 2000
        }
      ],
      "passes": [],
      "failures": [],
      "pending": [],
      "skipped": [],
      "duration": 0,
      "root": true,
      "rootEmpty": true,
      "_timeout": 2000
    }
  ],
  "meta": {
    "mocha": {
      "version": "7.0.1"
    },
    "mochawesome": {
      "options": {
        "quiet": false,
        "reportFilename": "mochawesome",
        "saveHtml": false,
        "saveJson": true,
        "consoleReporter": "spec",
        "useInlineDiffs": false,
        "code": true
      },
      "version": "7.1.3"
    },
    "marge": {
      "options": {
        "id": "default",
        "reportDir": "cypress/results/mochawesome",
        "overwrite": false,
        "html": false,
        "json": true
      },
      "version": "6.2.0"
    }
  }
}