{
  "stats": {
    "suites": 1,
    "tests": 1,
    "passes": 1,
    "pending": 0,
    "failures": 0,
    "start": "2023-05-20T16:06:28.931Z",
    "end": "2023-05-20T16:06:33.312Z",
    "duration": 4381,
    "testsRegistered": 1,
    "passPercent": 100,
    "pendingPercent": 0,
    "other": 0,
    "hasOther": false,
    "skipped": 0,
    "hasSkipped": false
  },
  "results": [
    {
      "uuid": "4f849c01-1d85-46d4-b3f5-d220bbc683f8",
      "title": "",
      "fullFile": "cypress\\e2e\\shadow.cy.js",
      "file": "cypress\\e2e\\shadow.cy.js",
      "beforeHooks": [],
      "afterHooks": [],
      "tests": [],
      "suites": [
        {
          "uuid": "4858731a-174c-4d77-a91d-9e34fdcec280",
          "title": "Shadow Dom",
          "fullFile": "",
          "file": "",
          "beforeHooks": [],
          "afterHooks": [],
          "tests": [
            {
              "title": "shadow",
              "fullTitle": "Shadow Dom shadow",
              "timedOut": null,
              "duration": 2265,
              "state": "passed",
              "speed": "fast",
              "pass": true,
              "fail": false,
              "pending": false,
              "context": null,
              "code": "cy.visit('https://www.htmlelements.com/demos/menu/shadow-dom/index.htm');\n//cy.contains('File').click()\ncy.get('.smart-ui-component').shadow().contains('File').click();\n//jesli w cypress.config.js bedzie ustawione \"includeShadowDom\": true, nie trzeba stosowac metody shadow()",
              "err": {},
              "uuid": "b2e2f460-1829-44a1-a771-c3aec574735a",
              "parentUUID": "4858731a-174c-4d77-a91d-9e34fdcec280",
              "isHook": false,
              "skipped": false
            }
          ],
          "suites": [],
          "passes": [
            "b2e2f460-1829-44a1-a771-c3aec574735a"
          ],
          "failures": [],
          "pending": [],
          "skipped": [],
          "duration": 2265,
          "root": false,
          "rootEmpty": false,
          "_timeout": 2000
        }
      ],
      "passes": [],
      "failures": [],
      "pending": [],
      "skipped": [],
      "duration": 0,
      "root": true,
      "rootEmpty": true,
      "_timeout": 2000
    }
  ],
  "meta": {
    "mocha": {
      "version": "7.0.1"
    },
    "mochawesome": {
      "options": {
        "quiet": false,
        "reportFilename": "mochawesome",
        "saveHtml": false,
        "saveJson": true,
        "consoleReporter": "spec",
        "useInlineDiffs": false,
        "code": true
      },
      "version": "7.1.3"
    },
    "marge": {
      "options": {
        "id": "default",
        "reportDir": "cypress/results/mochawesome",
        "overwrite": false,
        "html": false,
        "json": true
      },
      "version": "6.2.0"
    }
  }
}