{
  "stats": {
    "suites": 1,
    "tests": 2,
    "passes": 2,
    "pending": 0,
    "failures": 0,
    "start": "2023-05-20T16:06:36.422Z",
    "end": "2023-05-20T16:06:38.763Z",
    "duration": 2341,
    "testsRegistered": 2,
    "passPercent": 100,
    "pendingPercent": 0,
    "other": 0,
    "hasOther": false,
    "skipped": 0,
    "hasSkipped": false
  },
  "results": [
    {
      "uuid": "45211aef-0c57-48cb-8685-8a4951e7c0a4",
      "title": "",
      "fullFile": "cypress\\e2e\\trigerScroll.cy.js",
      "file": "cypress\\e2e\\trigerScroll.cy.js",
      "beforeHooks": [],
      "afterHooks": [],
      "tests": [],
      "suites": [
        {
          "uuid": "e0825869-2ac4-4576-8f8e-6032c2e6ea94",
          "title": "Skrolowanie / Najechanie",
          "fullFile": "",
          "file": "",
          "beforeHooks": [],
          "afterHooks": [],
          "tests": [
            {
              "title": "najechanie na dany element",
              "fullTitle": "Skrolowanie / Najechanie najechanie na dany element",
              "timedOut": null,
              "duration": 2281,
              "state": "passed",
              "speed": "fast",
              "pass": true,
              "fail": false,
              "pending": false,
              "context": null,
              "code": "cy.visit('/');\ncy.get('a[title=\"Dresses\"]').eq(1).trigger('focus');\ncy.get('li.sfHover a[title=\"Summer Dresses\"]').click();",
              "err": {},
              "uuid": "06d94362-0543-41a7-a72e-4419bf1eec0f",
              "parentUUID": "e0825869-2ac4-4576-8f8e-6032c2e6ea94",
              "isHook": false,
              "skipped": false
            },
            {
              "title": "skrolowanie do boxu Specials",
              "fullTitle": "Skrolowanie / Najechanie skrolowanie do boxu Specials",
              "timedOut": null,
              "duration": 29,
              "state": "passed",
              "speed": "fast",
              "pass": true,
              "fail": false,
              "pending": false,
              "context": null,
              "code": "cy.get('a[title=\"Specials\"]').first().scrollIntoView();",
              "err": {},
              "uuid": "08abbfed-2bd7-4ae3-8bdd-c975a528bbbd",
              "parentUUID": "e0825869-2ac4-4576-8f8e-6032c2e6ea94",
              "isHook": false,
              "skipped": false
            }
          ],
          "suites": [],
          "passes": [
            "06d94362-0543-41a7-a72e-4419bf1eec0f",
            "08abbfed-2bd7-4ae3-8bdd-c975a528bbbd"
          ],
          "failures": [],
          "pending": [],
          "skipped": [],
          "duration": 2310,
          "root": false,
          "rootEmpty": false,
          "_timeout": 2000
        }
      ],
      "passes": [],
      "failures": [],
      "pending": [],
      "skipped": [],
      "duration": 0,
      "root": true,
      "rootEmpty": true,
      "_timeout": 2000
    }
  ],
  "meta": {
    "mocha": {
      "version": "7.0.1"
    },
    "mochawesome": {
      "options": {
        "quiet": false,
        "reportFilename": "mochawesome",
        "saveHtml": false,
        "saveJson": true,
        "consoleReporter": "spec",
        "useInlineDiffs": false,
        "code": true
      },
      "version": "7.1.3"
    },
    "marge": {
      "options": {
        "id": "default",
        "reportDir": "cypress/results/mochawesome",
        "overwrite": false,
        "html": false,
        "json": true
      },
      "version": "6.2.0"
    }
  }
}