{
  "stats": {
    "suites": 1,
    "tests": 1,
    "passes": 1,
    "pending": 0,
    "failures": 0,
    "start": "2023-05-20T16:06:14.449Z",
    "end": "2023-05-20T16:06:17.253Z",
    "duration": 2804,
    "testsRegistered": 1,
    "passPercent": 100,
    "pendingPercent": 0,
    "other": 0,
    "hasOther": false,
    "skipped": 0,
    "hasSkipped": false
  },
  "results": [
    {
      "uuid": "de5a6079-e74d-49fc-8efc-f3c1644bc9a1",
      "title": "",
      "fullFile": "cypress\\e2e\\lokalizatory.cy.js",
      "file": "cypress\\e2e\\lokalizatory.cy.js",
      "beforeHooks": [],
      "afterHooks": [],
      "tests": [],
      "suites": [
        {
          "uuid": "c0f066ff-4957-4c8e-a5b4-50df34689402",
          "title": "E2E - Lesson",
          "fullFile": "",
          "file": "",
          "beforeHooks": [],
          "afterHooks": [],
          "tests": [
            {
              "title": "lokalizatory cz. 2",
              "fullTitle": "E2E - Lesson lokalizatory cz. 2",
              "timedOut": null,
              "duration": 2717,
              "state": "passed",
              "speed": "fast",
              "pass": true,
              "fail": false,
              "pending": false,
              "context": null,
              "code": "cy.visit('/');\ncy.contains('Shop now !'); //pobieranie elementu po tekście\ncy.contains('[title=\"Contact us\"]', 'Contact us'); //pobieranie elementu po atrybucie i tekście\ncy.get('li').parents('#home-page-tabs').find('li').eq(1); //pobieranie elementów 'li' którego rodzicem jest ... (id='...') o indeksie 1\ncy.get('li').parents('#home-page-tabs').find('li').first(); // pierwszy element\ncy.get('li').parents('#home-page-tabs').find('li').contains('Best Sellers'); //zawiera tekst",
              "err": {},
              "uuid": "f6e20f83-79c2-4011-a8e7-415e45da48a3",
              "parentUUID": "c0f066ff-4957-4c8e-a5b4-50df34689402",
              "isHook": false,
              "skipped": false
            }
          ],
          "suites": [],
          "passes": [
            "f6e20f83-79c2-4011-a8e7-415e45da48a3"
          ],
          "failures": [],
          "pending": [],
          "skipped": [],
          "duration": 2717,
          "root": false,
          "rootEmpty": false,
          "_timeout": 2000
        }
      ],
      "passes": [],
      "failures": [],
      "pending": [],
      "skipped": [],
      "duration": 0,
      "root": true,
      "rootEmpty": true,
      "_timeout": 2000
    }
  ],
  "meta": {
    "mocha": {
      "version": "7.0.1"
    },
    "mochawesome": {
      "options": {
        "quiet": false,
        "reportFilename": "mochawesome",
        "saveHtml": false,
        "saveJson": true,
        "consoleReporter": "spec",
        "useInlineDiffs": false,
        "code": true
      },
      "version": "7.1.3"
    },
    "marge": {
      "options": {
        "id": "default",
        "reportDir": "cypress/results/mochawesome",
        "overwrite": false,
        "html": false,
        "json": true
      },
      "version": "6.2.0"
    }
  }
}