{
  "stats": {
    "suites": 1,
    "tests": 1,
    "passes": 1,
    "pending": 0,
    "failures": 0,
    "start": "2023-05-20T16:06:05.865Z",
    "end": "2023-05-20T16:06:11.599Z",
    "duration": 5734,
    "testsRegistered": 1,
    "passPercent": 100,
    "pendingPercent": 0,
    "other": 0,
    "hasOther": false,
    "skipped": 0,
    "hasSkipped": false
  },
  "results": [
    {
      "uuid": "6d9fef86-78b0-400b-b890-c1e0846d8e0d",
      "title": "",
      "fullFile": "cypress\\e2e\\lighthouse.cy.js",
      "file": "cypress\\e2e\\lighthouse.cy.js",
      "beforeHooks": [],
      "afterHooks": [],
      "tests": [],
      "suites": [
        {
          "uuid": "afa21956-fbf6-41f7-9ad9-26dc9fabf951",
          "title": "lighthouse",
          "fullFile": "",
          "file": "",
          "beforeHooks": [],
          "afterHooks": [],
          "tests": [
            {
              "title": "pierwszy test",
              "fullTitle": "lighthouse pierwszy test",
              "timedOut": null,
              "duration": 3290,
              "state": "passed",
              "speed": "fast",
              "pass": true,
              "fail": false,
              "pending": false,
              "context": null,
              "code": "cy.visit('https://testowanie-oprogramowania.pl');\ncy.lighthouse({\n  performance: 85,\n  accessibility: 100,\n  \"best-practices\": 85,\n  seo: 85,\n  pwa: 100\n});",
              "err": {},
              "uuid": "f323566e-d320-4ceb-a20d-f9dcbb65bc6b",
              "parentUUID": "afa21956-fbf6-41f7-9ad9-26dc9fabf951",
              "isHook": false,
              "skipped": false
            }
          ],
          "suites": [],
          "passes": [
            "f323566e-d320-4ceb-a20d-f9dcbb65bc6b"
          ],
          "failures": [],
          "pending": [],
          "skipped": [],
          "duration": 3290,
          "root": false,
          "rootEmpty": false,
          "_timeout": 2000
        }
      ],
      "passes": [],
      "failures": [],
      "pending": [],
      "skipped": [],
      "duration": 0,
      "root": true,
      "rootEmpty": true,
      "_timeout": 2000
    }
  ],
  "meta": {
    "mocha": {
      "version": "7.0.1"
    },
    "mochawesome": {
      "options": {
        "quiet": false,
        "reportFilename": "mochawesome",
        "saveHtml": false,
        "saveJson": true,
        "consoleReporter": "spec",
        "useInlineDiffs": false,
        "code": true
      },
      "version": "7.1.3"
    },
    "marge": {
      "options": {
        "id": "default",
        "reportDir": "cypress/results/mochawesome",
        "overwrite": false,
        "html": false,
        "json": true
      },
      "version": "6.2.0"
    }
  }
}