{
  "stats": {
    "suites": 1,
    "tests": 1,
    "passes": 0,
    "pending": 0,
    "failures": 1,
    "start": "2023-05-20T16:06:22.171Z",
    "end": "2023-05-20T16:06:25.009Z",
    "duration": 2838,
    "testsRegistered": 1,
    "passPercent": 0,
    "pendingPercent": 0,
    "other": 0,
    "hasOther": false,
    "skipped": 0,
    "hasSkipped": false
  },
  "results": [
    {
      "uuid": "fc001059-c525-4369-b386-179b32fc7448",
      "title": "",
      "fullFile": "cypress\\e2e\\selectPOM.cy.js",
      "file": "cypress\\e2e\\selectPOM.cy.js",
      "beforeHooks": [],
      "afterHooks": [],
      "tests": [],
      "suites": [
        {
          "uuid": "40c2af86-3728-451a-9a06-44e0e3ec8740",
          "title": "akcje wybrania opcji select",
          "fullFile": "",
          "file": "",
          "beforeHooks": [],
          "afterHooks": [],
          "tests": [
            {
              "title": "wybieranie kazdej opcji po kolei",
              "fullTitle": "akcje wybrania opcji select wybieranie kazdej opcji po kolei",
              "timedOut": null,
              "duration": 2731,
              "state": "failed",
              "speed": null,
              "pass": false,
              "fail": true,
              "pending": false,
              "context": null,
              "code": "cy.visit('/index.php?id_category=3&controller=category');\n//zrobienie iteracji po select\n_selectPage.default.selectAllOption();",
              "err": {
                "message": "CypressError: `cy.select()` failed because the page updated as a result of this command, but you tried to continue the command chain. The subject is no longer attached to the DOM, and Cypress cannot requery the page after commands such as `cy.select()`.\n\nCommon situations why this happens:\n  - Your JS framework re-rendered asynchronously\n  - Your app code reacted to an event firing and removed the element\n\nYou can typically solve this by breaking up a chain. For example, rewrite:\n\n> `cy.get('button').click().should('have.class', 'active')`\n\nto\n\n> `cy.get('button').as('btn').click()`\n> `cy.get('@btn').should('have.class', 'active')`\n\nhttps://on.cypress.io/element-has-detached-from-dom",
                "estack": "CypressError: `cy.select()` failed because the page updated as a result of this command, but you tried to continue the command chain. The subject is no longer attached to the DOM, and Cypress cannot requery the page after commands such as `cy.select()`.\n\nCommon situations why this happens:\n  - Your JS framework re-rendered asynchronously\n  - Your app code reacted to an event firing and removed the element\n\nYou can typically solve this by breaking up a chain. For example, rewrite:\n\n> `cy.get('button').click().should('have.class', 'active')`\n\nto\n\n> `cy.get('button').as('btn').click()`\n> `cy.get('@btn').should('have.class', 'active')`\n\nhttps://on.cypress.io/element-has-detached-from-dom\n    at isAttached (http://automationpractice.pl/__cypress/runner/cypress_runner.js:161818:66)\n    at validateType (http://automationpractice.pl/__cypress/runner/cypress_runner.js:161688:9)\n    at Object.isType (http://automationpractice.pl/__cypress/runner/cypress_runner.js:161723:7)\n    at $Cy.pushSubject (http://automationpractice.pl/__cypress/runner/cypress_runner.js:161431:22)\n    at wrapped (http://automationpractice.pl/__cypress/runner/cypress_runner.js:161017:19)\nFrom Your Spec Code:\n    at Context.eval (webpack:///./cypress/support/pageObject/selectPage.js:8:32)",
                "diff": null
              },
              "uuid": "8fa298eb-3896-43a7-ae8b-9efda33f6ba2",
              "parentUUID": "40c2af86-3728-451a-9a06-44e0e3ec8740",
              "isHook": false,
              "skipped": false
            }
          ],
          "suites": [],
          "passes": [],
          "failures": [
            "8fa298eb-3896-43a7-ae8b-9efda33f6ba2"
          ],
          "pending": [],
          "skipped": [],
          "duration": 2731,
          "root": false,
          "rootEmpty": false,
          "_timeout": 2000
        }
      ],
      "passes": [],
      "failures": [],
      "pending": [],
      "skipped": [],
      "duration": 0,
      "root": true,
      "rootEmpty": true,
      "_timeout": 2000
    }
  ],
  "meta": {
    "mocha": {
      "version": "7.0.1"
    },
    "mochawesome": {
      "options": {
        "quiet": false,
        "reportFilename": "mochawesome",
        "saveHtml": false,
        "saveJson": true,
        "consoleReporter": "spec",
        "useInlineDiffs": false,
        "code": true
      },
      "version": "7.1.3"
    },
    "marge": {
      "options": {
        "id": "default",
        "reportDir": "cypress/results/mochawesome",
        "overwrite": false,
        "html": false,
        "json": true
      },
      "version": "6.2.0"
    }
  }
}