<?xml version="1.0" encoding="UTF-8"?>
<testsuites name="Mocha Tests" time="1.044" tests="1" failures="0">
  <testsuite name="Root Suite" timestamp="2023-05-20T16:06:41" tests="0" file="cypress\e2e\wgrywaniePliku.cy.js" time="0.000" failures="0">
  </testsuite>
  <testsuite name="Wgrywanie plikow" timestamp="2023-05-20T16:06:41" tests="1" time="1.028" failures="0">
    <testcase name="Wgrywanie plikow wgrywa plik do inputa w Contact us" time="1.011" classname="wgrywa plik do inputa w Contact us">
    </testcase>
  </testsuite>
</testsuites>