<?xml version="1.0" encoding="UTF-8"?>
<testsuites name="Mocha Tests" time="0.942" tests="1" failures="1">
  <testsuite name="Root Suite" timestamp="2023-05-20T16:05:12" tests="0" file="cypress\e2e\api\secondTestAPI.cy.js" time="0.000" failures="0">
  </testsuite>
  <testsuite name="test API od strony backendu" timestamp="2023-05-20T16:05:12" tests="1" time="0.912" failures="1">
    <testcase name="test API od strony backendu autoryzacja + dodanie nowego artykulu" time="0.000" classname="autoryzacja + dodanie nowego artykulu">
      <failure message="`cy.request()` failed on:

https://api.realworld.io/api/articles/

The response we received from your web server was:

  &gt; 422: Unprocessable Entity

This was considered a failure because the status code was not `2xx` or `3xx`.

If you do not want status codes to cause failures pass the option: `failOnStatusCode: false`

-----------------------------------------------------------

The request we sent was:

Method: POST
URL: https://api.realworld.io/api/articles/
Headers: {
  &quot;Connection&quot;: &quot;keep-alive&quot;,
  &quot;Authorization&quot;: &quot;Token eyJhbGciOiJIUzI1NiIsInR5cCI6IkpXVCJ9.eyJlbWFpbCI6ImRhcmlvLXZvZ2VsQGNvbS5wbCIsInVzZXJuYW1lIjoiZGFyaW8tdm9nZWwiLCJpYXQiOjE2ODQ1OTg3MTIsImV4cCI6MTY4OTc4MjcxMn0.SqKGh7Z1--6XuCwX6H2ZjXObWlAX9xumk1y3t73ASGo&quot;,
  &quot;user-agent&quot;: &quot;Mozilla/5.0 (Windows NT 10.0; Win64; x64) AppleWebKit/537.36 (KHTML, like Gecko) Cypress/12.11.0 Chrome/106.0.5249.51 Electron/21.0.0 Safari/537.36&quot;,
  &quot;accept&quot;: &quot;*/*&quot;,
  &quot;accept-encoding&quot;: &quot;gzip, deflate&quot;,
  &quot;content-type&quot;: &quot;application/json&quot;,
  &quot;content-length&quot;: 106
}
Body: {&quot;article&quot;:{&quot;tagList&quot;:[],&quot;title&quot;:&quot;test tytuł bezposrednio z API-2&quot;,&quot;description&quot;:&quot;test &quot;,&quot;body&quot;:&quot;test &quot;}}

-----------------------------------------------------------

The response we got was:

Status: 422 - Unprocessable Entity
Headers: {
  &quot;date&quot;: &quot;Sat, 20 May 2023 16:05:12 GMT&quot;,
  &quot;content-type&quot;: &quot;application/json; charset=utf-8&quot;,
  &quot;content-length&quot;: &quot;39&quot;,
  &quot;connection&quot;: &quot;keep-alive&quot;,
  &quot;x-powered-by&quot;: &quot;Express&quot;,
  &quot;access-control-allow-origin&quot;: &quot;*&quot;,
  &quot;etag&quot;: &quot;W/\&quot;27-BNeuaWQ7DHvW/r+pl+qdJiF06Is\&quot;&quot;,
  &quot;via&quot;: &quot;1.1 vegur&quot;,
  &quot;cf-cache-status&quot;: &quot;DYNAMIC&quot;,
  &quot;report-to&quot;: &quot;{\&quot;endpoints\&quot;:[{\&quot;url\&quot;:\&quot;https:\\/\\/a.nel.cloudflare.com\\/report\\/v3?s=v7mLQZ1xNa2mNHqxCnt1ZEfibUaefWxIMfz5ADDB3wza0VmQTsfF8LtTSjPPlur88GhPvGuySikLwii7cKA67RM6%2B%2FDqkwiIfcAOXZsEvx3zjU5js6TAU%2Fz01yDt9a79jQ3h\&quot;}],\&quot;group\&quot;:\&quot;cf-nel\&quot;,\&quot;max_age\&quot;:604800}&quot;,
  &quot;nel&quot;: &quot;{\&quot;success_fraction\&quot;:0,\&quot;report_to\&quot;:\&quot;cf-nel\&quot;,\&quot;max_age\&quot;:604800}&quot;,
  &quot;server&quot;: &quot;cloudflare&quot;,
  &quot;cf-ray&quot;: &quot;7ca5d1e06b57347f-WAW&quot;,
  &quot;alt-svc&quot;: &quot;h3=\&quot;:443\&quot;; ma=86400, h3-29=\&quot;:443\&quot;; ma=86400&quot;
}
Body: {
  &quot;errors&quot;: {
    &quot;title&quot;: [
      &quot;must be unique&quot;
    ]
  }
}


https://on.cypress.io/request" type="CypressError"><![CDATA[CypressError: `cy.request()` failed on:

https://api.realworld.io/api/articles/

The response we received from your web server was:

  > 422: Unprocessable Entity

This was considered a failure because the status code was not `2xx` or `3xx`.

If you do not want status codes to cause failures pass the option: `failOnStatusCode: false`

-----------------------------------------------------------

The request we sent was:

Method: POST
URL: https://api.realworld.io/api/articles/
Headers: {
  "Connection": "keep-alive",
  "Authorization": "Token eyJhbGciOiJIUzI1NiIsInR5cCI6IkpXVCJ9.eyJlbWFpbCI6ImRhcmlvLXZvZ2VsQGNvbS5wbCIsInVzZXJuYW1lIjoiZGFyaW8tdm9nZWwiLCJpYXQiOjE2ODQ1OTg3MTIsImV4cCI6MTY4OTc4MjcxMn0.SqKGh7Z1--6XuCwX6H2ZjXObWlAX9xumk1y3t73ASGo",
  "user-agent": "Mozilla/5.0 (Windows NT 10.0; Win64; x64) AppleWebKit/537.36 (KHTML, like Gecko) Cypress/12.11.0 Chrome/106.0.5249.51 Electron/21.0.0 Safari/537.36",
  "accept": "*/*",
  "accept-encoding": "gzip, deflate",
  "content-type": "application/json",
  "content-length": 106
}
Body: {"article":{"tagList":[],"title":"test tytuł bezposrednio z API-2","description":"test ","body":"test "}}

-----------------------------------------------------------

The response we got was:

Status: 422 - Unprocessable Entity
Headers: {
  "date": "Sat, 20 May 2023 16:05:12 GMT",
  "content-type": "application/json; charset=utf-8",
  "content-length": "39",
  "connection": "keep-alive",
  "x-powered-by": "Express",
  "access-control-allow-origin": "*",
  "etag": "W/\"27-BNeuaWQ7DHvW/r+pl+qdJiF06Is\"",
  "via": "1.1 vegur",
  "cf-cache-status": "DYNAMIC",
  "report-to": "{\"endpoints\":[{\"url\":\"https:\\/\\/a.nel.cloudflare.com\\/report\\/v3?s=v7mLQZ1xNa2mNHqxCnt1ZEfibUaefWxIMfz5ADDB3wza0VmQTsfF8LtTSjPPlur88GhPvGuySikLwii7cKA67RM6%2B%2FDqkwiIfcAOXZsEvx3zjU5js6TAU%2Fz01yDt9a79jQ3h\"}],\"group\":\"cf-nel\",\"max_age\":604800}",
  "nel": "{\"success_fraction\":0,\"report_to\":\"cf-nel\",\"max_age\":604800}",
  "server": "cloudflare",
  "cf-ray": "7ca5d1e06b57347f-WAW",
  "alt-svc": "h3=\":443\"; ma=86400, h3-29=\":443\"; ma=86400"
}
Body: {
  "errors": {
    "title": [
      "must be unique"
    ]
  }
}


https://on.cypress.io/request
    at <unknown> (http://automationpractice.pl/__cypress/runner/cypress_runner.js:149561:80)
    at tryCatcher (http://automationpractice.pl/__cypress/runner/cypress_runner.js:18744:23)
    at Promise._settlePromiseFromHandler (http://automationpractice.pl/__cypress/runner/cypress_runner.js:16679:31)
    at Promise._settlePromise (http://automationpractice.pl/__cypress/runner/cypress_runner.js:16736:18)
    at Promise._settlePromise0 (http://automationpractice.pl/__cypress/runner/cypress_runner.js:16781:10)
    at Promise._settlePromises (http://automationpractice.pl/__cypress/runner/cypress_runner.js:16861:18)
    at _drainQueueStep (http://automationpractice.pl/__cypress/runner/cypress_runner.js:13451:12)
    at _drainQueue (http://automationpractice.pl/__cypress/runner/cypress_runner.js:13444:9)
    at ../../node_modules/bluebird/js/release/async.js.Async._drainQueues (http://automationpractice.pl/__cypress/runner/cypress_runner.js:13460:5)
    at Async.drainQueues (http://automationpractice.pl/__cypress/runner/cypress_runner.js:13330:14)
From Your Spec Code:
    at Context.eval (webpack:///./cypress/e2e/api/secondTestAPI.cy.js:31:15)]]></failure>
    </testcase>
  </testsuite>
</testsuites>