<?xml version="1.0" encoding="UTF-8"?>
<testsuites name="Mocha Tests" time="2.343" tests="1" failures="0">
  <testsuite name="Root Suite" timestamp="2023-05-20T16:05:23" tests="0" file="cypress\e2e\checkbox.cy.js" time="0.000" failures="0">
  </testsuite>
  <testsuite name="akcje klikniecia checkbox" timestamp="2023-05-20T16:05:23" tests="1" time="2.329" failures="0">
    <testcase name="akcje klikniecia checkbox checkbox" time="2.321" classname="checkbox">
    </testcase>
  </testsuite>
</testsuites>