<?xml version="1.0" encoding="UTF-8"?>
<testsuites name="Mocha Tests" time="6.279" tests="1" failures="0">
  <testsuite name="Root Suite" timestamp="2023-05-21T08:37:54" tests="0" file="cypress\e2e\visualTestingAndProxy.cy.js" time="0.000" failures="0">
  </testsuite>
  <testsuite name="Visual regression" timestamp="2023-05-21T08:37:54" tests="1" time="6.175" failures="0">
    <testcase name="Visual regression wczytywanie sie elementu" time="3.416" classname="wczytywanie sie elementu">
    </testcase>
  </testsuite>
</testsuites>